# JRE version: OpenJDK Runtime Environment Temurin-21.0.8+9 (21.0.8+9) (build 21.0.8+9-LTS)
# Java VM: OpenJDK 64-Bit Server VM Temurin-21.0.8+9 (21.0.8+9-LTS, mixed mode, sharing, tiered, compressed oops, compressed class ptrs, parallel gc, windows-amd64)
GC Precious Log:
 CardTable entry size: 512
 CPUs: 12 total, 12 available
 Memory: 8053M
 Large Page Support: Disabled
 NUMA Support: Disabled
 Compressed Oops: Enabled (32-bit)
 Alignments: Space 512K, Generation 512K, Heap 2M
 Heap Min Capacity: 100M
 Heap Initial Capacity: 100M
 Heap Max Capacity: 2G
 Pre-touch: Disabled
 Parallel Workers: 10
Heap:
 PSYoungGen      total 21504K, used 17017K [0x00000000d5580000, 0x00000000d6b80000, 0x0000000100000000)
  eden space 19456K, 84% used [0x00000000d5580000,0x00000000d65a23f8,0x00000000d6880000)
  from space 2048K, 24% used [0x00000000d6880000,0x00000000d68fc010,0x00000000d6a80000)
  to   space 1024K, 0% used [0x00000000d6a80000,0x00000000d6a80000,0x00000000d6b80000)
 ParOldGen       total 984064K, used 245468K [0x0000000080000000, 0x00000000bc100000, 0x00000000d5580000)
  object space 984064K, 24% used [0x0000000080000000,0x000000008efb7158,0x00000000bc100000)
 Metaspace       used 91445K, committed 93248K, reserved 1179648K
  class space    used 9262K, committed 10112K, reserved 1048576K
GC Heap History (20 events):
Event: 2652.106 GC heap before
{Heap before GC invocations=1383 (full 5):
 PSYoungGen      total 24064K, used 24048K [0x00000000d5580000, 0x00000000d7300000, 0x0000000100000000)
  eden space 22016K, 100% used [0x00000000d5580000,0x00000000d6b00000,0x00000000d6b00000)
  from space 2048K, 99% used [0x00000000d6d00000,0x00000000d6efc010,0x00000000d6f00000)
  to   space 4096K, 0% used [0x00000000d6f00000,0x00000000d6f00000,0x00000000d7300000)
 ParOldGen       total 984064K, used 205444K [0x0000000080000000, 0x00000000bc100000, 0x00000000d5580000)
  object space 984064K, 20% used [0x0000000080000000,0x000000008c8a11e0,0x00000000bc100000)
 Metaspace       used 91248K, committed 93120K, reserved 1179648K
  class space    used 9255K, committed 10112K, reserved 1048576K
}
Event: 2652.123 GC heap after
{Heap after GC invocations=1383 (full 5):
 PSYoungGen      total 24576K, used 2516K [0x00000000d5580000, 0x00000000d7180000, 0x0000000100000000)
  eden space 22016K, 0% used [0x00000000d5580000,0x00000000d5580000,0x00000000d6b00000)
  from space 2560K, 98% used [0x00000000d6f00000,0x00000000d7175260,0x00000000d7180000)
  to   space 3072K, 0% used [0x00000000d6b80000,0x00000000d6b80000,0x00000000d6e80000)
 ParOldGen       total 984064K, used 207506K [0x0000000080000000, 0x00000000bc100000, 0x00000000d5580000)
  object space 984064K, 21% used [0x0000000080000000,0x000000008caa49c0,0x00000000bc100000)
 Metaspace       used 91248K, committed 93120K, reserved 1179648K
  class space    used 9255K, committed 10112K, reserved 1048576K
}
Event: 2658.844 GC heap before
{Heap before GC invocations=1384 (full 5):
 PSYoungGen      total 24576K, used 24532K [0x00000000d5580000, 0x00000000d7180000, 0x0000000100000000)
  eden space 22016K, 100% used [0x00000000d5580000,0x00000000d6b00000,0x00000000d6b00000)
  from space 2560K, 98% used [0x00000000d6f00000,0x00000000d7175260,0x00000000d7180000)
  to   space 3072K, 0% used [0x00000000d6b80000,0x00000000d6b80000,0x00000000d6e80000)
 ParOldGen       total 984064K, used 207506K [0x0000000080000000, 0x00000000bc100000, 0x00000000d5580000)
  object space 984064K, 21% used [0x0000000080000000,0x000000008caa49c0,0x00000000bc100000)
 Metaspace       used 91259K, committed 93120K, reserved 1179648K
  class space    used 9255K, committed 10112K, reserved 1048576K
}
Event: 2658.868 GC heap after
{Heap after GC invocations=1384 (full 5):
 PSYoungGen      total 23040K, used 953K [0x00000000d5580000, 0x00000000d6f80000, 0x0000000100000000)
  eden space 22016K, 0% used [0x00000000d5580000,0x00000000d5580000,0x00000000d6b00000)
  from space 1024K, 93% used [0x00000000d6b80000,0x00000000d6c6e410,0x00000000d6c80000)
  to   space 2048K, 0% used [0x00000000d6d80000,0x00000000d6d80000,0x00000000d6f80000)
 ParOldGen       total 984064K, used 209861K [0x0000000080000000, 0x00000000bc100000, 0x00000000d5580000)
  object space 984064K, 21% used [0x0000000080000000,0x000000008ccf16b0,0x00000000bc100000)
 Metaspace       used 91259K, committed 93120K, reserved 1179648K
  class space    used 9255K, committed 10112K, reserved 1048576K
}
Event: 2661.844 GC heap before
{Heap before GC invocations=1385 (full 5):
 PSYoungGen      total 23040K, used 22969K [0x00000000d5580000, 0x00000000d6f80000, 0x0000000100000000)
  eden space 22016K, 100% used [0x00000000d5580000,0x00000000d6b00000,0x00000000d6b00000)
  from space 1024K, 93% used [0x00000000d6b80000,0x00000000d6c6e410,0x00000000d6c80000)
  to   space 2048K, 0% used [0x00000000d6d80000,0x00000000d6d80000,0x00000000d6f80000)
 ParOldGen       total 984064K, used 209861K [0x0000000080000000, 0x00000000bc100000, 0x00000000d5580000)
  object space 984064K, 21% used [0x0000000080000000,0x000000008ccf16b0,0x00000000bc100000)
 Metaspace       used 91261K, committed 93120K, reserved 1179648K
  class space    used 9255K, committed 10112K, reserved 1048576K
}
Event: 2661.850 GC heap after
{Heap after GC invocations=1385 (full 5):
 PSYoungGen      total 22528K, used 320K [0x00000000d5580000, 0x00000000d6e00000, 0x0000000100000000)
  eden space 22016K, 0% used [0x00000000d5580000,0x00000000d5580000,0x00000000d6b00000)
  from space 512K, 62% used [0x00000000d6d80000,0x00000000d6dd0000,0x00000000d6e00000)
  to   space 1024K, 0% used [0x00000000d6c00000,0x00000000d6c00000,0x00000000d6d00000)
 ParOldGen       total 984064K, used 210555K [0x0000000080000000, 0x00000000bc100000, 0x00000000d5580000)
  object space 984064K, 21% used [0x0000000080000000,0x000000008cd9ede8,0x00000000bc100000)
 Metaspace       used 91261K, committed 93120K, reserved 1179648K
  class space    used 9255K, committed 10112K, reserved 1048576K
}
Event: 2671.141 GC heap before
{Heap before GC invocations=1386 (full 5):
 PSYoungGen      total 22528K, used 22336K [0x00000000d5580000, 0x00000000d6e00000, 0x0000000100000000)
  eden space 22016K, 100% used [0x00000000d5580000,0x00000000d6b00000,0x00000000d6b00000)
  from space 512K, 62% used [0x00000000d6d80000,0x00000000d6dd0000,0x00000000d6e00000)
  to   space 1024K, 0% used [0x00000000d6c00000,0x00000000d6c00000,0x00000000d6d00000)
 ParOldGen       total 984064K, used 210555K [0x0000000080000000, 0x00000000bc100000, 0x00000000d5580000)
  object space 984064K, 21% used [0x0000000080000000,0x000000008cd9ede8,0x00000000bc100000)
 Metaspace       used 91270K, committed 93120K, reserved 1179648K
  class space    used 9255K, committed 10112K, reserved 1048576K
}
Event: 2671.147 GC heap after
{Heap after GC invocations=1386 (full 5):
 PSYoungGen      total 23040K, used 1012K [0x00000000d5580000, 0x00000000d6f00000, 0x0000000100000000)
  eden space 22016K, 0% used [0x00000000d5580000,0x00000000d5580000,0x00000000d6b00000)
  from space 1024K, 98% used [0x00000000d6c00000,0x00000000d6cfd220,0x00000000d6d00000)
  to   space 2048K, 0% used [0x00000000d6d00000,0x00000000d6d00000,0x00000000d6f00000)
 ParOldGen       total 984064K, used 211011K [0x0000000080000000, 0x00000000bc100000, 0x00000000d5580000)
  object space 984064K, 21% used [0x0000000080000000,0x000000008ce10e38,0x00000000bc100000)
 Metaspace       used 91270K, committed 93120K, reserved 1179648K
  class space    used 9255K, committed 10112K, reserved 1048576K
}
Event: 2671.217 GC heap before
{Heap before GC invocations=1387 (full 5):
 PSYoungGen      total 23040K, used 23028K [0x00000000d5580000, 0x00000000d6f00000, 0x0000000100000000)
  eden space 22016K, 100% used [0x00000000d5580000,0x00000000d6b00000,0x00000000d6b00000)
  from space 1024K, 98% used [0x00000000d6c00000,0x00000000d6cfd220,0x00000000d6d00000)
  to   space 2048K, 0% used [0x00000000d6d00000,0x00000000d6d00000,0x00000000d6f00000)
 ParOldGen       total 984064K, used 211011K [0x0000000080000000, 0x00000000bc100000, 0x00000000d5580000)
  object space 984064K, 21% used [0x0000000080000000,0x000000008ce10e38,0x00000000bc100000)
 Metaspace       used 91297K, committed 93120K, reserved 1179648K
  class space    used 9255K, committed 10112K, reserved 1048576K
}
Event: 2671.232 GC heap after
{Heap after GC invocations=1387 (full 5):
 PSYoungGen      total 21504K, used 2036K [0x00000000d5580000, 0x00000000d7400000, 0x0000000100000000)
  eden space 19456K, 0% used [0x00000000d5580000,0x00000000d5580000,0x00000000d6880000)
  from space 2048K, 99% used [0x00000000d6d00000,0x00000000d6efd200,0x00000000d6f00000)
  to   space 4608K, 0% used [0x00000000d6880000,0x00000000d6880000,0x00000000d6d00000)
 ParOldGen       total 984064K, used 212921K [0x0000000080000000, 0x00000000bc100000, 0x00000000d5580000)
  object space 984064K, 21% used [0x0000000080000000,0x000000008cfee630,0x00000000bc100000)
 Metaspace       used 91297K, committed 93120K, reserved 1179648K
  class space    used 9255K, committed 10112K, reserved 1048576K
}
Event: 2671.534 GC heap before
{Heap before GC invocations=1388 (full 5):
 PSYoungGen      total 21504K, used 21492K [0x00000000d5580000, 0x00000000d7400000, 0x0000000100000000)
  eden space 19456K, 100% used [0x00000000d5580000,0x00000000d6880000,0x00000000d6880000)
  from space 2048K, 99% used [0x00000000d6d00000,0x00000000d6efd200,0x00000000d6f00000)
  to   space 4608K, 0% used [0x00000000d6880000,0x00000000d6880000,0x00000000d6d00000)
 ParOldGen       total 984064K, used 212921K [0x0000000080000000, 0x00000000bc100000, 0x00000000d5580000)
  object space 984064K, 21% used [0x0000000080000000,0x000000008cfee630,0x00000000bc100000)
 Metaspace       used 91332K, committed 93184K, reserved 1179648K
  class space    used 9260K, committed 10112K, reserved 1048576K
}
Event: 2671.550 GC heap after
{Heap after GC invocations=1388 (full 5):
 PSYoungGen      total 22016K, used 2516K [0x00000000d5580000, 0x00000000d6e80000, 0x0000000100000000)
  eden space 19456K, 0% used [0x00000000d5580000,0x00000000d5580000,0x00000000d6880000)
  from space 2560K, 98% used [0x00000000d6880000,0x00000000d6af5220,0x00000000d6b00000)
  to   space 3072K, 0% used [0x00000000d6b80000,0x00000000d6b80000,0x00000000d6e80000)
 ParOldGen       total 984064K, used 215011K [0x0000000080000000, 0x00000000bc100000, 0x00000000d5580000)
  object space 984064K, 21% used [0x0000000080000000,0x000000008d1f8c98,0x00000000bc100000)
 Metaspace       used 91332K, committed 93184K, reserved 1179648K
  class space    used 9260K, committed 10112K, reserved 1048576K
}
Event: 2671.600 GC heap before
{Heap before GC invocations=1389 (full 5):
 PSYoungGen      total 22016K, used 21972K [0x00000000d5580000, 0x00000000d6e80000, 0x0000000100000000)
  eden space 19456K, 100% used [0x00000000d5580000,0x00000000d6880000,0x00000000d6880000)
  from space 2560K, 98% used [0x00000000d6880000,0x00000000d6af5220,0x00000000d6b00000)
  to   space 3072K, 0% used [0x00000000d6b80000,0x00000000d6b80000,0x00000000d6e80000)
 ParOldGen       total 984064K, used 215011K [0x0000000080000000, 0x00000000bc100000, 0x00000000d5580000)
  object space 984064K, 21% used [0x0000000080000000,0x000000008d1f8c98,0x00000000bc100000)
 Metaspace       used 91337K, committed 93184K, reserved 1179648K
  class space    used 9260K, committed 10112K, reserved 1048576K
}
Event: 2671.620 GC heap after
{Heap after GC invocations=1389 (full 5):
 PSYoungGen      total 22528K, used 2724K [0x00000000d5580000, 0x00000000d6e80000, 0x0000000100000000)
  eden space 19456K, 0% used [0x00000000d5580000,0x00000000d5580000,0x00000000d6880000)
  from space 3072K, 88% used [0x00000000d6b80000,0x00000000d6e29230,0x00000000d6e80000)
  to   space 3072K, 0% used [0x00000000d6880000,0x00000000d6880000,0x00000000d6b80000)
 ParOldGen       total 984064K, used 217248K [0x0000000080000000, 0x00000000bc100000, 0x00000000d5580000)
  object space 984064K, 22% used [0x0000000080000000,0x000000008d4280e8,0x00000000bc100000)
 Metaspace       used 91337K, committed 93184K, reserved 1179648K
  class space    used 9260K, committed 10112K, reserved 1048576K
}
Event: 2707.828 GC heap before
{Heap before GC invocations=1390 (full 5):
 PSYoungGen      total 22528K, used 22180K [0x00000000d5580000, 0x00000000d6e80000, 0x0000000100000000)
  eden space 19456K, 100% used [0x00000000d5580000,0x00000000d6880000,0x00000000d6880000)
  from space 3072K, 88% used [0x00000000d6b80000,0x00000000d6e29230,0x00000000d6e80000)
  to   space 3072K, 0% used [0x00000000d6880000,0x00000000d6880000,0x00000000d6b80000)
 ParOldGen       total 984064K, used 217248K [0x0000000080000000, 0x00000000bc100000, 0x00000000d5580000)
  object space 984064K, 22% used [0x0000000080000000,0x000000008d4280e8,0x00000000bc100000)
 Metaspace       used 91370K, committed 93184K, reserved 1179648K
  class space    used 9260K, committed 10112K, reserved 1048576K
}
Event: 2707.856 GC heap after
{Heap after GC invocations=1390 (full 5):
 PSYoungGen      total 22016K, used 2183K [0x00000000d5580000, 0x00000000d6d80000, 0x0000000100000000)
  eden space 19456K, 0% used [0x00000000d5580000,0x00000000d5580000,0x00000000d6880000)
  from space 2560K, 85% used [0x00000000d6880000,0x00000000d6aa1cd0,0x00000000d6b00000)
  to   space 2560K, 0% used [0x00000000d6b00000,0x00000000d6b00000,0x00000000d6d80000)
 ParOldGen       total 984064K, used 219580K [0x0000000080000000, 0x00000000bc100000, 0x00000000d5580000)
  object space 984064K, 22% used [0x0000000080000000,0x000000008d66f050,0x00000000bc100000)
 Metaspace       used 91370K, committed 93184K, reserved 1179648K
  class space    used 9260K, committed 10112K, reserved 1048576K
}
Event: 2708.750 GC heap before
{Heap before GC invocations=1391 (full 5):
 PSYoungGen      total 22016K, used 21639K [0x00000000d5580000, 0x00000000d6d80000, 0x0000000100000000)
  eden space 19456K, 100% used [0x00000000d5580000,0x00000000d6880000,0x00000000d6880000)
  from space 2560K, 85% used [0x00000000d6880000,0x00000000d6aa1cd0,0x00000000d6b00000)
  to   space 2560K, 0% used [0x00000000d6b00000,0x00000000d6b00000,0x00000000d6d80000)
 ParOldGen       total 984064K, used 219580K [0x0000000080000000, 0x00000000bc100000, 0x00000000d5580000)
  object space 984064K, 22% used [0x0000000080000000,0x000000008d66f050,0x00000000bc100000)
 Metaspace       used 91389K, committed 93248K, reserved 1179648K
  class space    used 9260K, committed 10112K, reserved 1048576K
}
Event: 2708.762 GC heap after
{Heap after GC invocations=1391 (full 5):
 PSYoungGen      total 20992K, used 1492K [0x00000000d5580000, 0x00000000d6c80000, 0x0000000100000000)
  eden space 19456K, 0% used [0x00000000d5580000,0x00000000d5580000,0x00000000d6880000)
  from space 1536K, 97% used [0x00000000d6b00000,0x00000000d6c75220,0x00000000d6c80000)
  to   space 2048K, 0% used [0x00000000d6880000,0x00000000d6880000,0x00000000d6a80000)
 ParOldGen       total 984064K, used 221591K [0x0000000080000000, 0x00000000bc100000, 0x00000000d5580000)
  object space 984064K, 22% used [0x0000000080000000,0x000000008d865e98,0x00000000bc100000)
 Metaspace       used 91389K, committed 93248K, reserved 1179648K
  class space    used 9260K, committed 10112K, reserved 1048576K
}
Event: 3223.372 GC heap before
{Heap before GC invocations=1392 (full 5):
 PSYoungGen      total 20992K, used 20948K [0x00000000d5580000, 0x00000000d6c80000, 0x0000000100000000)
  eden space 19456K, 100% used [0x00000000d5580000,0x00000000d6880000,0x00000000d6880000)
  from space 1536K, 97% used [0x00000000d6b00000,0x00000000d6c75220,0x00000000d6c80000)
  to   space 2048K, 0% used [0x00000000d6880000,0x00000000d6880000,0x00000000d6a80000)
 ParOldGen       total 984064K, used 221591K [0x0000000080000000, 0x00000000bc100000, 0x00000000d5580000)
  object space 984064K, 22% used [0x0000000080000000,0x000000008d865e98,0x00000000bc100000)
 Metaspace       used 91422K, committed 93248K, reserved 1179648K
  class space    used 9262K, committed 10112K, reserved 1048576K
}
Event: 3223.525 GC heap after
{Heap after GC invocations=1392 (full 5):
 PSYoungGen      total 21504K, used 496K [0x00000000d5580000, 0x00000000d6b80000, 0x0000000100000000)
  eden space 19456K, 0% used [0x00000000d5580000,0x00000000d5580000,0x00000000d6880000)
  from space 2048K, 24% used [0x00000000d6880000,0x00000000d68fc010,0x00000000d6a80000)
  to   space 1024K, 0% used [0x00000000d6a80000,0x00000000d6a80000,0x00000000d6b80000)
 ParOldGen       total 984064K, used 222428K [0x0000000080000000, 0x00000000bc100000, 0x00000000d5580000)
  object space 984064K, 22% used [0x0000000080000000,0x000000008d937138,0x00000000bc100000)
 Metaspace       used 91422K, committed 93248K, reserved 1179648K
  class space    used 9262K, committed 10112K, reserved 1048576K
}

